<?xml version="1.0" encoding="UTF-8"?>
<!-- Generated by org.testng.reporters.JUnitXMLReporter -->
<testsuite ignored="0" hostname="DESKTOP-620FIV2" failures="0" tests="4" name="Test" time="0.056" errors="0" timestamp="13 Aug 2021 10:50:41 GMT">
  <testcase classname="qaclickacademy.SeleniumTest" name="BrowserAutomation" time="0.013"/>
  <testcase classname="qaclickacademy.SeleniumTest" name="elementsUI" time="0.001"/>
  <testcase classname="qaclickacademy.RESTAPITest" name="deleteTwitter" time="0.001"/>
  <testcase classname="qaclickacademy.RESTAPITest" name="postJira" time="0.001"/>
</testsuite> <!-- Test -->
