<?xml version="1.0" encoding="UTF-8"?>
<testng-results ignored="0" total="4" passed="4" failed="0" skipped="0">
  <reporter-output>
  </reporter-output>
  <suite started-at="2021-08-13T10:50:41Z" name="Suite" finished-at="2021-08-13T10:50:41Z" duration-ms="56">
    <groups>
    </groups>
    <test started-at="2021-08-13T10:50:41Z" name="Test" finished-at="2021-08-13T10:50:41Z" duration-ms="56">
      <class name="qaclickacademy.RESTAPITest">
        <test-method signature="deleteTwitter()[pri:0, instance:qaclickacademy.RESTAPITest@2a8448fa]" started-at="2021-08-13T16:20:41Z" name="deleteTwitter" finished-at="2021-08-13T16:20:41Z" duration-ms="1" status="PASS">
          <reporter-output>
          </reporter-output>
        </test-method> <!-- deleteTwitter -->
        <test-method signature="postJira()[pri:0, instance:qaclickacademy.RESTAPITest@2a8448fa]" started-at="2021-08-13T16:20:41Z" name="postJira" finished-at="2021-08-13T16:20:41Z" duration-ms="1" status="PASS">
          <reporter-output>
          </reporter-output>
        </test-method> <!-- postJira -->
      </class> <!-- qaclickacademy.RESTAPITest -->
      <class name="qaclickacademy.SeleniumTest">
        <test-method signature="BrowserAutomation()[pri:0, instance:qaclickacademy.SeleniumTest@740fb309]" started-at="2021-08-13T16:20:41Z" name="BrowserAutomation" finished-at="2021-08-13T16:20:41Z" duration-ms="13" status="PASS">
          <reporter-output>
          </reporter-output>
        </test-method> <!-- BrowserAutomation -->
        <test-method signature="elementsUI()[pri:0, instance:qaclickacademy.SeleniumTest@740fb309]" started-at="2021-08-13T16:20:41Z" name="elementsUI" finished-at="2021-08-13T16:20:41Z" duration-ms="1" status="PASS">
          <reporter-output>
          </reporter-output>
        </test-method> <!-- elementsUI -->
      </class> <!-- qaclickacademy.SeleniumTest -->
    </test> <!-- Test -->
  </suite> <!-- Suite -->
</testng-results>
